<?xml version="1.0" encoding="UTF-8"?>
<testng-results skipped="0" failed="0" total="1" passed="1">
  <reporter-output>
  </reporter-output>
  <suite name="Default suite" duration-ms="43867" started-at="2016-11-22T21:22:18Z" finished-at="2016-11-22T21:23:02Z">
    <groups>
    </groups>
    <test name="Default test" duration-ms="43867" started-at="2016-11-22T21:22:18Z" finished-at="2016-11-22T21:23:02Z">
      <class name="com.amazon.Testcases.VerifyLoginAmazon">
        <test-method status="PASS" signature="initDriver()[pri:0, instance:com.amazon.Testcases.VerifyLoginAmazon@3ab39c39]" name="initDriver" is-config="true" duration-ms="19462" started-at="2016-11-22T13:22:18Z" finished-at="2016-11-22T13:22:38Z">
          <reporter-output>
          </reporter-output>
        </test-method> <!-- initDriver -->
        <test-method status="PASS" signature="test()[pri:0, instance:com.amazon.Testcases.VerifyLoginAmazon@3ab39c39]" name="test" duration-ms="21491" started-at="2016-11-22T13:22:38Z" finished-at="2016-11-22T13:22:59Z">
          <reporter-output>
          </reporter-output>
        </test-method> <!-- test -->
        <test-method status="PASS" signature="cleanup()[pri:0, instance:com.amazon.Testcases.VerifyLoginAmazon@3ab39c39]" name="cleanup" is-config="true" duration-ms="2852" started-at="2016-11-22T13:22:59Z" finished-at="2016-11-22T13:23:02Z">
          <reporter-output>
          </reporter-output>
        </test-method> <!-- cleanup -->
      </class> <!-- com.amazon.Testcases.VerifyLoginAmazon -->
    </test> <!-- Default test -->
  </suite> <!-- Default suite -->
</testng-results>
